<?xml version="1.0" encoding="UTF-8"?>
<testng-results skipped="0" failed="0" ignored="0" total="2" passed="2">
  <reporter-output>
  </reporter-output>
  <suite name="Default suite" duration-ms="11035" started-at="2020-09-20T01:03:43 IST" finished-at="2020-09-20T01:03:54 IST">
    <groups>
    </groups>
    <test name="Default test" duration-ms="11035" started-at="2020-09-20T01:03:43 IST" finished-at="2020-09-20T01:03:54 IST">
      <class name="tests.TestClass">
        <test-method status="PASS" signature="reportSetup()[pri:0, instance:tests.TestClass@458c1321]" name="reportSetup" is-config="true" duration-ms="629" started-at="2020-09-20T01:03:42 IST" finished-at="2020-09-20T01:03:43 IST">
          <reporter-output>
          </reporter-output>
        </test-method> <!-- reportSetup -->
        <test-method status="PASS" signature="setup()[pri:0, instance:tests.TestClass@458c1321]" name="setup" is-config="true" duration-ms="7709" started-at="2020-09-20T01:03:43 IST" finished-at="2020-09-20T01:03:51 IST">
          <reporter-output>
          </reporter-output>
        </test-method> <!-- setup -->
        <test-method status="PASS" signature="sampleTest()[pri:0, instance:tests.TestClass@458c1321]" name="sampleTest" duration-ms="8" started-at="2020-09-20T01:03:51 IST" finished-at="2020-09-20T01:03:51 IST">
          <reporter-output>
          </reporter-output>
        </test-method> <!-- sampleTest -->
        <test-method status="PASS" signature="test()[pri:0, instance:tests.TestClass@458c1321]" name="test" duration-ms="2502" started-at="2020-09-20T01:03:51 IST" finished-at="2020-09-20T01:03:53 IST">
          <reporter-output>
          </reporter-output>
        </test-method> <!-- test -->
        <test-method status="PASS" signature="teardown()[pri:0, instance:tests.TestClass@458c1321]" name="teardown" is-config="true" duration-ms="773" started-at="2020-09-20T01:03:53 IST" finished-at="2020-09-20T01:03:54 IST">
          <reporter-output>
          </reporter-output>
        </test-method> <!-- teardown -->
        <test-method status="PASS" signature="tearDown()[pri:0, instance:tests.TestClass@458c1321]" name="tearDown" is-config="true" duration-ms="808" started-at="2020-09-20T01:03:54 IST" finished-at="2020-09-20T01:03:55 IST">
          <reporter-output>
          </reporter-output>
        </test-method> <!-- tearDown -->
      </class> <!-- tests.TestClass -->
    </test> <!-- Default test -->
  </suite> <!-- Default suite -->
</testng-results>
